0 info it worked if it ends with ok
1 verbose cli [ '/Users/mattlewis/.nvm/versions/node/v6.0.0/bin/node',
1 verbose cli   '/Users/mattlewis/.nvm/versions/node/v6.0.0/bin/npm',
1 verbose cli   'run',
1 verbose cli   'commit' ]
2 info using npm@3.8.6
3 info using node@v6.0.0
4 verbose run-script [ 'precommit', 'commit', 'postcommit' ]
5 info lifecycle angular-bootstrap-calendar@0.22.0~precommit: angular-bootstrap-calendar@0.22.0
6 silly lifecycle angular-bootstrap-calendar@0.22.0~precommit: no script for precommit, continuing
7 info lifecycle angular-bootstrap-calendar@0.22.0~commit: angular-bootstrap-calendar@0.22.0
8 verbose lifecycle angular-bootstrap-calendar@0.22.0~commit: unsafe-perm in lifecycle true
9 verbose lifecycle angular-bootstrap-calendar@0.22.0~commit: PATH: /Users/mattlewis/.nvm/versions/node/v6.0.0/lib/node_modules/npm/bin/node-gyp-bin:/Users/mattlewis/Code/open-source/angular-bootstrap-calendar/node_modules/.bin:/Users/mattlewis/.nvm/versions/node/v6.0.0/bin:/Users/mattlewis/.nvm/versions/node/v6.0.0/bin:/Users/mattlewis/.composer/vendor/bin:/usr/local/sbin:/usr/local/bin:/usr/local/bin:/usr/bin:/bin:/usr/sbin:/sbin:/usr/texbin
10 verbose lifecycle angular-bootstrap-calendar@0.22.0~commit: CWD: /Users/mattlewis/Code/open-source/angular-bootstrap-calendar
11 silly lifecycle angular-bootstrap-calendar@0.22.0~commit: Args: [ '-c', 'git-cz' ]
12 silly lifecycle angular-bootstrap-calendar@0.22.0~commit: Returned: code: 1  signal: null
13 info lifecycle angular-bootstrap-calendar@0.22.0~commit: Failed to exec commit script
14 verbose stack Error: angular-bootstrap-calendar@0.22.0 commit: `git-cz`
14 verbose stack Exit status 1
14 verbose stack     at EventEmitter.<anonymous> (/Users/mattlewis/.nvm/versions/node/v6.0.0/lib/node_modules/npm/lib/utils/lifecycle.js:239:16)
14 verbose stack     at emitTwo (events.js:106:13)
14 verbose stack     at EventEmitter.emit (events.js:191:7)
14 verbose stack     at ChildProcess.<anonymous> (/Users/mattlewis/.nvm/versions/node/v6.0.0/lib/node_modules/npm/lib/utils/spawn.js:24:14)
14 verbose stack     at emitTwo (events.js:106:13)
14 verbose stack     at ChildProcess.emit (events.js:191:7)
14 verbose stack     at maybeClose (internal/child_process.js:850:16)
14 verbose stack     at Process.ChildProcess._handle.onexit (internal/child_process.js:215:5)
15 verbose pkgid angular-bootstrap-calendar@0.22.0
16 verbose cwd /Users/mattlewis/Code/open-source/angular-bootstrap-calendar
17 error Darwin 15.6.0
18 error argv "/Users/mattlewis/.nvm/versions/node/v6.0.0/bin/node" "/Users/mattlewis/.nvm/versions/node/v6.0.0/bin/npm" "run" "commit"
19 error node v6.0.0
20 error npm  v3.8.6
21 error code ELIFECYCLE
22 error angular-bootstrap-calendar@0.22.0 commit: `git-cz`
22 error Exit status 1
23 error Failed at the angular-bootstrap-calendar@0.22.0 commit script 'git-cz'.
23 error Make sure you have the latest version of node.js and npm installed.
23 error If you do, this is most likely a problem with the angular-bootstrap-calendar package,
23 error not with npm itself.
23 error Tell the author that this fails on your system:
23 error     git-cz
23 error You can get information on how to open an issue for this project with:
23 error     npm bugs angular-bootstrap-calendar
23 error Or if that isn't available, you can get their info via:
23 error     npm owner ls angular-bootstrap-calendar
23 error There is likely additional logging output above.
24 verbose exit [ 1, true ]
